<?xml version="1.0" encoding="UTF-8"?>
<!-- Generated by org.testng.reporters.JUnitXMLReporter -->
<testsuite ignored="1" hostname="soc-macmini-17.local" failures="0" tests="2" name="Unit Level Test Cases" time="43.232" errors="0" timestamp="23 Aug 2018 08:36:43 GMT">
  <testcase classname="com.flight_Selection.flightClass" name="flight" time="37.916"/>
  <testcase classname="com.flight_Review.reviewClass" name="reviewFlight" time="5.229"/>
  <testcase classname="Driver.AppTest" name="@BeforeSuite init" time="0.0">
    <ignored/>
  </testcase> <!-- @BeforeSuite init -->
</testsuite> <!-- Unit Level Test Cases -->
